ERROR - 2025-09-17 12:15:18 --> mysqli_sql_exception: Table 'desa_hegarmanah.enumerator' doesn't exist in C:\Users\VINY\desahegarmanah\system\Database\MySQLi\Connection.php:327
Stack trace:
#0 C:\Users\VINY\desahegarmanah\system\Database\MySQLi\Connection.php(327): mysqli->query('SELECT COUNT(*)...', 0)
#1 C:\Users\VINY\desahegarmanah\system\Database\BaseConnection.php(729): CodeIgniter\Database\MySQLi\Connection->execute('SELECT COUNT(*)...')
#2 C:\Users\VINY\desahegarmanah\system\Database\BaseConnection.php(646): CodeIgniter\Database\BaseConnection->simpleQuery('SELECT COUNT(*)...')
#3 C:\Users\VINY\desahegarmanah\system\Database\BaseBuilder.php(1733): CodeIgniter\Database\BaseConnection->query('SELECT COUNT(*)...', Array, false)
#4 C:\Users\VINY\desahegarmanah\system\Model.php(675): CodeIgniter\Database\BaseBuilder->countAllResults(false)
#5 C:\Users\VINY\desahegarmanah\app\Controllers\API\Enumerator.php(28): CodeIgniter\Model->countAllResults(false)
#6 C:\Users\VINY\desahegarmanah\system\CodeIgniter.php(933): App\Controllers\API\Enumerator->index()
#7 C:\Users\VINY\desahegarmanah\system\CodeIgniter.php(507): CodeIgniter\CodeIgniter->runController(Object(App\Controllers\API\Enumerator))
#8 C:\Users\VINY\desahegarmanah\system\CodeIgniter.php(354): CodeIgniter\CodeIgniter->handleRequest(NULL, Object(Config\Cache), false)
#9 C:\Users\VINY\desahegarmanah\system\Boot.php(363): CodeIgniter\CodeIgniter->run()
#10 C:\Users\VINY\desahegarmanah\system\Boot.php(68): CodeIgniter\Boot::runCodeIgniter(Object(CodeIgniter\CodeIgniter))
#11 C:\Users\VINY\desahegarmanah\public\index.php(59): CodeIgniter\Boot::bootWeb(Object(Config\Paths))
#12 {main}
CRITICAL - 2025-09-17 12:15:18 --> CodeIgniter\Database\Exceptions\DatabaseException: Table 'desa_hegarmanah.enumerator' doesn't exist
[Method: GET, Route: api/enumerator]
in SYSTEMPATH\Database\BaseConnection.php on line 684.
 1 SYSTEMPATH\Database\BaseBuilder.php(1733): CodeIgniter\Database\BaseConnection->query('SELECT COUNT(*) AS `numrows`
FROM `enumerator`', [], false)
 2 SYSTEMPATH\Model.php(675): CodeIgniter\Database\BaseBuilder->countAllResults(false)
 3 APPPATH\Controllers\API\Enumerator.php(28): CodeIgniter\Model->countAllResults(false)
 4 SYSTEMPATH\CodeIgniter.php(933): App\Controllers\API\Enumerator->index()
 5 SYSTEMPATH\CodeIgniter.php(507): CodeIgniter\CodeIgniter->runController(Object(App\Controllers\API\Enumerator))
 6 SYSTEMPATH\CodeIgniter.php(354): CodeIgniter\CodeIgniter->handleRequest(null, Object(Config\Cache), false)
 7 SYSTEMPATH\Boot.php(363): CodeIgniter\CodeIgniter->run()
 8 SYSTEMPATH\Boot.php(68): CodeIgniter\Boot::runCodeIgniter(Object(CodeIgniter\CodeIgniter))
 9 FCPATH\index.php(59): CodeIgniter\Boot::bootWeb(Object(Config\Paths))
CRITICAL - 2025-09-17 12:15:18 --> [Caused by] CodeIgniter\Database\Exceptions\DatabaseException: Table 'desa_hegarmanah.enumerator' doesn't exist
in SYSTEMPATH\Database\MySQLi\Connection.php on line 332.
 1 SYSTEMPATH\Database\BaseConnection.php(729): CodeIgniter\Database\MySQLi\Connection->execute('SELECT COUNT(*) AS `numrows`
FROM `enumerator`')
 2 SYSTEMPATH\Database\BaseConnection.php(646): CodeIgniter\Database\BaseConnection->simpleQuery('SELECT COUNT(*) AS `numrows`
FROM `enumerator`')
 3 SYSTEMPATH\Database\BaseBuilder.php(1733): CodeIgniter\Database\BaseConnection->query('SELECT COUNT(*) AS `numrows`
FROM `enumerator`', [], false)
 4 SYSTEMPATH\Model.php(675): CodeIgniter\Database\BaseBuilder->countAllResults(false)
 5 APPPATH\Controllers\API\Enumerator.php(28): CodeIgniter\Model->countAllResults(false)
 6 SYSTEMPATH\CodeIgniter.php(933): App\Controllers\API\Enumerator->index()
 7 SYSTEMPATH\CodeIgniter.php(507): CodeIgniter\CodeIgniter->runController(Object(App\Controllers\API\Enumerator))
 8 SYSTEMPATH\CodeIgniter.php(354): CodeIgniter\CodeIgniter->handleRequest(null, Object(Config\Cache), false)
 9 SYSTEMPATH\Boot.php(363): CodeIgniter\CodeIgniter->run()
10 SYSTEMPATH\Boot.php(68): CodeIgniter\Boot::runCodeIgniter(Object(CodeIgniter\CodeIgniter))
11 FCPATH\index.php(59): CodeIgniter\Boot::bootWeb(Object(Config\Paths))
CRITICAL - 2025-09-17 12:15:18 --> [Caused by] mysqli_sql_exception: Table 'desa_hegarmanah.enumerator' doesn't exist
in SYSTEMPATH\Database\MySQLi\Connection.php on line 327.
 1 SYSTEMPATH\Database\MySQLi\Connection.php(327): mysqli->query('SELECT COUNT(*) AS `numrows`
FROM `enumerator`', 0)
 2 SYSTEMPATH\Database\BaseConnection.php(729): CodeIgniter\Database\MySQLi\Connection->execute('SELECT COUNT(*) AS `numrows`
FROM `enumerator`')
 3 SYSTEMPATH\Database\BaseConnection.php(646): CodeIgniter\Database\BaseConnection->simpleQuery('SELECT COUNT(*) AS `numrows`
FROM `enumerator`')
 4 SYSTEMPATH\Database\BaseBuilder.php(1733): CodeIgniter\Database\BaseConnection->query('SELECT COUNT(*) AS `numrows`
FROM `enumerator`', [], false)
 5 SYSTEMPATH\Model.php(675): CodeIgniter\Database\BaseBuilder->countAllResults(false)
 6 APPPATH\Controllers\API\Enumerator.php(28): CodeIgniter\Model->countAllResults(false)
 7 SYSTEMPATH\CodeIgniter.php(933): App\Controllers\API\Enumerator->index()
 8 SYSTEMPATH\CodeIgniter.php(507): CodeIgniter\CodeIgniter->runController(Object(App\Controllers\API\Enumerator))
 9 SYSTEMPATH\CodeIgniter.php(354): CodeIgniter\CodeIgniter->handleRequest(null, Object(Config\Cache), false)
10 SYSTEMPATH\Boot.php(363): CodeIgniter\CodeIgniter->run()
11 SYSTEMPATH\Boot.php(68): CodeIgniter\Boot::runCodeIgniter(Object(CodeIgniter\CodeIgniter))
12 FCPATH\index.php(59): CodeIgniter\Boot::bootWeb(Object(Config\Paths))
