CRITICAL - 2025-09-22 09:50:25 --> CodeIgniter\Cache\Exceptions\CacheException: Cache unable to write to "C:\Users\VINY\desahegarmanah\writable\cache/".
[Method: GET, Route: /]
in SYSTEMPATH\Cache\Handlers\FileHandler.php on line 66.
 1 SYSTEMPATH\Cache\Handlers\FileHandler.php(66): CodeIgniter\Cache\Exceptions\CacheException::forUnableToWrite('C:\\Users\\VINY\\desahegarmanah\\writable\\cache/')
 2 SYSTEMPATH\Cache\CacheFactory.php(67): CodeIgniter\Cache\Handlers\FileHandler->__construct(Object(Config\Cache))
 3 SYSTEMPATH\Config\Services.php(129): CodeIgniter\Cache\CacheFactory::getHandler(Object(Config\Cache))
 4 SYSTEMPATH\Config\BaseService.php(312): CodeIgniter\Config\Services::cache(Object(Config\Cache), false)
 5 SYSTEMPATH\Config\BaseService.php(251): CodeIgniter\Config\BaseService::__callStatic('cache', [...])
 6 SYSTEMPATH\Config\Services.php(124): CodeIgniter\Config\BaseService::getSharedInstance('cache', null)
 7 SYSTEMPATH\Config\BaseService.php(321): CodeIgniter\Config\Services::cache()
 8 SYSTEMPATH\Config\BaseService.php(202): CodeIgniter\Config\BaseService::__callStatic('cache', [])
 9 SYSTEMPATH\Config\Services.php(454): CodeIgniter\Config\BaseService::get('cache')
10 SYSTEMPATH\Config\BaseService.php(312): CodeIgniter\Config\Services::responsecache(Object(Config\Cache), null, false)
11 SYSTEMPATH\Config\BaseService.php(251): CodeIgniter\Config\BaseService::__callStatic('responsecache', [...])
12 SYSTEMPATH\Config\Services.php(450): CodeIgniter\Config\BaseService::getSharedInstance('responsecache', null, null)
13 SYSTEMPATH\Config\BaseService.php(321): CodeIgniter\Config\Services::responsecache()
14 SYSTEMPATH\CodeIgniter.php(178): CodeIgniter\Config\BaseService::__callStatic('responsecache', [])
15 SYSTEMPATH\Config\Services.php(164): CodeIgniter\CodeIgniter->__construct(Object(Config\App))
16 SYSTEMPATH\Config\BaseService.php(312): CodeIgniter\Config\Services::codeigniter(Object(Config\App), false)
17 SYSTEMPATH\Config\BaseService.php(251): CodeIgniter\Config\BaseService::__callStatic('codeigniter', [...])
18 SYSTEMPATH\Config\Services.php(159): CodeIgniter\Config\BaseService::getSharedInstance('codeigniter', null)
19 SYSTEMPATH\Config\BaseService.php(321): CodeIgniter\Config\Services::codeigniter()
20 SYSTEMPATH\Config\BaseService.php(202): CodeIgniter\Config\BaseService::__callStatic('codeigniter', [])
21 SYSTEMPATH\Common.php(995): CodeIgniter\Config\BaseService::get('codeigniter')
22 SYSTEMPATH\Boot.php(349): service('codeigniter')
23 SYSTEMPATH\Boot.php(130): CodeIgniter\Boot::initializeCodeIgniter()
24 ROOTPATH\spark(87): CodeIgniter\Boot::bootSpark(Object(Config\Paths))
CRITICAL - 2025-09-22 09:51:35 --> CodeIgniter\Cache\Exceptions\CacheException: Cache unable to write to "C:\Users\VINY\desahegarmanah\writable\cache/".
[Method: GET, Route: /]
in SYSTEMPATH\Cache\Handlers\FileHandler.php on line 66.
 1 SYSTEMPATH\Cache\Handlers\FileHandler.php(66): CodeIgniter\Cache\Exceptions\CacheException::forUnableToWrite('C:\\Users\\VINY\\desahegarmanah\\writable\\cache/')
 2 SYSTEMPATH\Cache\CacheFactory.php(67): CodeIgniter\Cache\Handlers\FileHandler->__construct(Object(Config\Cache))
 3 SYSTEMPATH\Config\Services.php(129): CodeIgniter\Cache\CacheFactory::getHandler(Object(Config\Cache))
 4 SYSTEMPATH\Config\BaseService.php(312): CodeIgniter\Config\Services::cache(Object(Config\Cache), false)
 5 SYSTEMPATH\Config\BaseService.php(251): CodeIgniter\Config\BaseService::__callStatic('cache', [...])
 6 SYSTEMPATH\Config\Services.php(124): CodeIgniter\Config\BaseService::getSharedInstance('cache', null)
 7 SYSTEMPATH\Config\BaseService.php(321): CodeIgniter\Config\Services::cache()
 8 SYSTEMPATH\Config\BaseService.php(202): CodeIgniter\Config\BaseService::__callStatic('cache', [])
 9 SYSTEMPATH\Config\Services.php(454): CodeIgniter\Config\BaseService::get('cache')
10 SYSTEMPATH\Config\BaseService.php(312): CodeIgniter\Config\Services::responsecache(Object(Config\Cache), null, false)
11 SYSTEMPATH\Config\BaseService.php(251): CodeIgniter\Config\BaseService::__callStatic('responsecache', [...])
12 SYSTEMPATH\Config\Services.php(450): CodeIgniter\Config\BaseService::getSharedInstance('responsecache', null, null)
13 SYSTEMPATH\Config\BaseService.php(321): CodeIgniter\Config\Services::responsecache()
14 SYSTEMPATH\CodeIgniter.php(178): CodeIgniter\Config\BaseService::__callStatic('responsecache', [])
15 SYSTEMPATH\Config\Services.php(164): CodeIgniter\CodeIgniter->__construct(Object(Config\App))
16 SYSTEMPATH\Config\BaseService.php(312): CodeIgniter\Config\Services::codeigniter(Object(Config\App), false)
17 SYSTEMPATH\Config\BaseService.php(251): CodeIgniter\Config\BaseService::__callStatic('codeigniter', [...])
18 SYSTEMPATH\Config\Services.php(159): CodeIgniter\Config\BaseService::getSharedInstance('codeigniter', null)
19 SYSTEMPATH\Config\BaseService.php(321): CodeIgniter\Config\Services::codeigniter()
20 SYSTEMPATH\Config\BaseService.php(202): CodeIgniter\Config\BaseService::__callStatic('codeigniter', [])
21 SYSTEMPATH\Common.php(995): CodeIgniter\Config\BaseService::get('codeigniter')
22 SYSTEMPATH\Boot.php(349): service('codeigniter')
23 SYSTEMPATH\Boot.php(130): CodeIgniter\Boot::initializeCodeIgniter()
24 ROOTPATH\spark(87): CodeIgniter\Boot::bootSpark(Object(Config\Paths))
CRITICAL - 2025-09-22 09:59:42 --> CodeIgniter\Cache\Exceptions\CacheException: Cache unable to write to "C:\Users\VINY\desahegarmanah\writable\cache/".
[Method: GET, Route: /]
in SYSTEMPATH\Cache\Handlers\FileHandler.php on line 66.
 1 SYSTEMPATH\Cache\Handlers\FileHandler.php(66): CodeIgniter\Cache\Exceptions\CacheException::forUnableToWrite('C:\\Users\\VINY\\desahegarmanah\\writable\\cache/')
 2 SYSTEMPATH\Cache\CacheFactory.php(67): CodeIgniter\Cache\Handlers\FileHandler->__construct(Object(Config\Cache))
 3 SYSTEMPATH\Config\Services.php(129): CodeIgniter\Cache\CacheFactory::getHandler(Object(Config\Cache))
 4 SYSTEMPATH\Config\BaseService.php(312): CodeIgniter\Config\Services::cache(Object(Config\Cache), false)
 5 SYSTEMPATH\Config\BaseService.php(251): CodeIgniter\Config\BaseService::__callStatic('cache', [...])
 6 SYSTEMPATH\Config\Services.php(124): CodeIgniter\Config\BaseService::getSharedInstance('cache', null)
 7 SYSTEMPATH\Config\BaseService.php(321): CodeIgniter\Config\Services::cache()
 8 SYSTEMPATH\Config\BaseService.php(202): CodeIgniter\Config\BaseService::__callStatic('cache', [])
 9 SYSTEMPATH\Config\Services.php(454): CodeIgniter\Config\BaseService::get('cache')
10 SYSTEMPATH\Config\BaseService.php(312): CodeIgniter\Config\Services::responsecache(Object(Config\Cache), null, false)
11 SYSTEMPATH\Config\BaseService.php(251): CodeIgniter\Config\BaseService::__callStatic('responsecache', [...])
12 SYSTEMPATH\Config\Services.php(450): CodeIgniter\Config\BaseService::getSharedInstance('responsecache', null, null)
13 SYSTEMPATH\Config\BaseService.php(321): CodeIgniter\Config\Services::responsecache()
14 SYSTEMPATH\CodeIgniter.php(178): CodeIgniter\Config\BaseService::__callStatic('responsecache', [])
15 SYSTEMPATH\Config\Services.php(164): CodeIgniter\CodeIgniter->__construct(Object(Config\App))
16 SYSTEMPATH\Config\BaseService.php(312): CodeIgniter\Config\Services::codeigniter(Object(Config\App), false)
17 SYSTEMPATH\Config\BaseService.php(251): CodeIgniter\Config\BaseService::__callStatic('codeigniter', [...])
18 SYSTEMPATH\Config\Services.php(159): CodeIgniter\Config\BaseService::getSharedInstance('codeigniter', null)
19 SYSTEMPATH\Config\BaseService.php(321): CodeIgniter\Config\Services::codeigniter()
20 SYSTEMPATH\Config\BaseService.php(202): CodeIgniter\Config\BaseService::__callStatic('codeigniter', [])
21 SYSTEMPATH\Common.php(995): CodeIgniter\Config\BaseService::get('codeigniter')
22 SYSTEMPATH\Boot.php(349): service('codeigniter')
23 SYSTEMPATH\Boot.php(130): CodeIgniter\Boot::initializeCodeIgniter()
24 ROOTPATH\spark(87): CodeIgniter\Boot::bootSpark(Object(Config\Paths))
ERROR - 2025-09-22 09:10:37 --> mysqli_sql_exception: Table 'desa_hegarmanah.rumah_tangga' doesn't exist in C:\Users\VINY\desahegarmanah\system\Database\MySQLi\Connection.php:327
Stack trace:
#0 C:\Users\VINY\desahegarmanah\system\Database\MySQLi\Connection.php(327): mysqli->query('INSERT INTO `ru...', 0)
#1 C:\Users\VINY\desahegarmanah\system\Database\BaseConnection.php(729): CodeIgniter\Database\MySQLi\Connection->execute('INSERT INTO `ru...')
#2 C:\Users\VINY\desahegarmanah\system\Database\BaseConnection.php(646): CodeIgniter\Database\BaseConnection->simpleQuery('INSERT INTO `ru...')
#3 C:\Users\VINY\desahegarmanah\system\Database\BaseBuilder.php(2345): CodeIgniter\Database\BaseConnection->query('INSERT INTO `ru...', Array, false)
#4 C:\Users\VINY\desahegarmanah\system\Model.php(394): CodeIgniter\Database\BaseBuilder->insert()
#5 C:\Users\VINY\desahegarmanah\system\BaseModel.php(838): CodeIgniter\Model->doInsert(Array)
#6 C:\Users\VINY\desahegarmanah\system\Model.php(797): CodeIgniter\BaseModel->insert(Array, true)
#7 C:\Users\VINY\desahegarmanah\app\Controllers\PendudukController.php(237): CodeIgniter\Model->insert(Array)
#8 C:\Users\VINY\desahegarmanah\system\CodeIgniter.php(933): App\Controllers\PendudukController->store()
#9 C:\Users\VINY\desahegarmanah\system\CodeIgniter.php(507): CodeIgniter\CodeIgniter->runController(Object(App\Controllers\PendudukController))
#10 C:\Users\VINY\desahegarmanah\system\CodeIgniter.php(354): CodeIgniter\CodeIgniter->handleRequest(NULL, Object(Config\Cache), false)
#11 C:\Users\VINY\desahegarmanah\system\Boot.php(363): CodeIgniter\CodeIgniter->run()
#12 C:\Users\VINY\desahegarmanah\system\Boot.php(68): CodeIgniter\Boot::runCodeIgniter(Object(CodeIgniter\CodeIgniter))
#13 C:\Users\VINY\desahegarmanah\public\index.php(59): CodeIgniter\Boot::bootWeb(Object(Config\Paths))
#14 C:\Users\VINY\desahegarmanah\system\rewrite.php(44): require_once('C:\\Users\\VINY\\d...')
#15 {main}
ERROR - 2025-09-22 09:10:37 --> Store penduduk gagal: Table 'desa_hegarmanah.rumah_tangga' doesn't exist
ERROR - 2025-09-22 09:10:42 --> mysqli_sql_exception: Table 'desa_hegarmanah.rumah_tangga' doesn't exist in C:\Users\VINY\desahegarmanah\system\Database\MySQLi\Connection.php:327
Stack trace:
#0 C:\Users\VINY\desahegarmanah\system\Database\MySQLi\Connection.php(327): mysqli->query('INSERT INTO `ru...', 0)
#1 C:\Users\VINY\desahegarmanah\system\Database\BaseConnection.php(729): CodeIgniter\Database\MySQLi\Connection->execute('INSERT INTO `ru...')
#2 C:\Users\VINY\desahegarmanah\system\Database\BaseConnection.php(646): CodeIgniter\Database\BaseConnection->simpleQuery('INSERT INTO `ru...')
#3 C:\Users\VINY\desahegarmanah\system\Database\BaseBuilder.php(2345): CodeIgniter\Database\BaseConnection->query('INSERT INTO `ru...', Array, false)
#4 C:\Users\VINY\desahegarmanah\system\Model.php(394): CodeIgniter\Database\BaseBuilder->insert()
#5 C:\Users\VINY\desahegarmanah\system\BaseModel.php(838): CodeIgniter\Model->doInsert(Array)
#6 C:\Users\VINY\desahegarmanah\system\Model.php(797): CodeIgniter\BaseModel->insert(Array, true)
#7 C:\Users\VINY\desahegarmanah\app\Controllers\PendudukController.php(237): CodeIgniter\Model->insert(Array)
#8 C:\Users\VINY\desahegarmanah\system\CodeIgniter.php(933): App\Controllers\PendudukController->store()
#9 C:\Users\VINY\desahegarmanah\system\CodeIgniter.php(507): CodeIgniter\CodeIgniter->runController(Object(App\Controllers\PendudukController))
#10 C:\Users\VINY\desahegarmanah\system\CodeIgniter.php(354): CodeIgniter\CodeIgniter->handleRequest(NULL, Object(Config\Cache), false)
#11 C:\Users\VINY\desahegarmanah\system\Boot.php(363): CodeIgniter\CodeIgniter->run()
#12 C:\Users\VINY\desahegarmanah\system\Boot.php(68): CodeIgniter\Boot::runCodeIgniter(Object(CodeIgniter\CodeIgniter))
#13 C:\Users\VINY\desahegarmanah\public\index.php(59): CodeIgniter\Boot::bootWeb(Object(Config\Paths))
#14 C:\Users\VINY\desahegarmanah\system\rewrite.php(44): require_once('C:\\Users\\VINY\\d...')
#15 {main}
ERROR - 2025-09-22 09:10:42 --> Store penduduk gagal: Table 'desa_hegarmanah.rumah_tangga' doesn't exist
ERROR - 2025-09-22 09:10:48 --> mysqli_sql_exception: Table 'desa_hegarmanah.rumah_tangga' doesn't exist in C:\Users\VINY\desahegarmanah\system\Database\MySQLi\Connection.php:327
Stack trace:
#0 C:\Users\VINY\desahegarmanah\system\Database\MySQLi\Connection.php(327): mysqli->query('INSERT INTO `ru...', 0)
#1 C:\Users\VINY\desahegarmanah\system\Database\BaseConnection.php(729): CodeIgniter\Database\MySQLi\Connection->execute('INSERT INTO `ru...')
#2 C:\Users\VINY\desahegarmanah\system\Database\BaseConnection.php(646): CodeIgniter\Database\BaseConnection->simpleQuery('INSERT INTO `ru...')
#3 C:\Users\VINY\desahegarmanah\system\Database\BaseBuilder.php(2345): CodeIgniter\Database\BaseConnection->query('INSERT INTO `ru...', Array, false)
#4 C:\Users\VINY\desahegarmanah\system\Model.php(394): CodeIgniter\Database\BaseBuilder->insert()
#5 C:\Users\VINY\desahegarmanah\system\BaseModel.php(838): CodeIgniter\Model->doInsert(Array)
#6 C:\Users\VINY\desahegarmanah\system\Model.php(797): CodeIgniter\BaseModel->insert(Array, true)
#7 C:\Users\VINY\desahegarmanah\app\Controllers\PendudukController.php(237): CodeIgniter\Model->insert(Array)
#8 C:\Users\VINY\desahegarmanah\system\CodeIgniter.php(933): App\Controllers\PendudukController->store()
#9 C:\Users\VINY\desahegarmanah\system\CodeIgniter.php(507): CodeIgniter\CodeIgniter->runController(Object(App\Controllers\PendudukController))
#10 C:\Users\VINY\desahegarmanah\system\CodeIgniter.php(354): CodeIgniter\CodeIgniter->handleRequest(NULL, Object(Config\Cache), false)
#11 C:\Users\VINY\desahegarmanah\system\Boot.php(363): CodeIgniter\CodeIgniter->run()
#12 C:\Users\VINY\desahegarmanah\system\Boot.php(68): CodeIgniter\Boot::runCodeIgniter(Object(CodeIgniter\CodeIgniter))
#13 C:\Users\VINY\desahegarmanah\public\index.php(59): CodeIgniter\Boot::bootWeb(Object(Config\Paths))
#14 C:\Users\VINY\desahegarmanah\system\rewrite.php(44): require_once('C:\\Users\\VINY\\d...')
#15 {main}
ERROR - 2025-09-22 09:10:48 --> Store penduduk gagal: Table 'desa_hegarmanah.rumah_tangga' doesn't exist
ERROR - 2025-09-22 09:53:21 --> mysqli_sql_exception: Table 'desa_hegarmanah.rumah_tangga' doesn't exist in C:\Users\VINY\desahegarmanah\system\Database\MySQLi\Connection.php:327
Stack trace:
#0 C:\Users\VINY\desahegarmanah\system\Database\MySQLi\Connection.php(327): mysqli->query('INSERT INTO `ru...', 0)
#1 C:\Users\VINY\desahegarmanah\system\Database\BaseConnection.php(729): CodeIgniter\Database\MySQLi\Connection->execute('INSERT INTO `ru...')
#2 C:\Users\VINY\desahegarmanah\system\Database\BaseConnection.php(646): CodeIgniter\Database\BaseConnection->simpleQuery('INSERT INTO `ru...')
#3 C:\Users\VINY\desahegarmanah\system\Database\BaseBuilder.php(2345): CodeIgniter\Database\BaseConnection->query('INSERT INTO `ru...', Array, false)
#4 C:\Users\VINY\desahegarmanah\system\Model.php(394): CodeIgniter\Database\BaseBuilder->insert()
#5 C:\Users\VINY\desahegarmanah\system\BaseModel.php(838): CodeIgniter\Model->doInsert(Array)
#6 C:\Users\VINY\desahegarmanah\system\Model.php(797): CodeIgniter\BaseModel->insert(Array, true)
#7 C:\Users\VINY\desahegarmanah\app\Controllers\PendudukController.php(237): CodeIgniter\Model->insert(Array)
#8 C:\Users\VINY\desahegarmanah\system\CodeIgniter.php(933): App\Controllers\PendudukController->store()
#9 C:\Users\VINY\desahegarmanah\system\CodeIgniter.php(507): CodeIgniter\CodeIgniter->runController(Object(App\Controllers\PendudukController))
#10 C:\Users\VINY\desahegarmanah\system\CodeIgniter.php(354): CodeIgniter\CodeIgniter->handleRequest(NULL, Object(Config\Cache), false)
#11 C:\Users\VINY\desahegarmanah\system\Boot.php(363): CodeIgniter\CodeIgniter->run()
#12 C:\Users\VINY\desahegarmanah\system\Boot.php(68): CodeIgniter\Boot::runCodeIgniter(Object(CodeIgniter\CodeIgniter))
#13 C:\Users\VINY\desahegarmanah\public\index.php(59): CodeIgniter\Boot::bootWeb(Object(Config\Paths))
#14 C:\Users\VINY\desahegarmanah\system\rewrite.php(44): require_once('C:\\Users\\VINY\\d...')
#15 {main}
ERROR - 2025-09-22 09:53:21 --> Store penduduk gagal: Table 'desa_hegarmanah.rumah_tangga' doesn't exist
ERROR - 2025-09-22 10:35:11 --> mysqli_sql_exception: Table 'desa_hegarmanah.rumah_tangga' doesn't exist in C:\Users\VINY\desahegarmanah\system\Database\MySQLi\Connection.php:327
Stack trace:
#0 C:\Users\VINY\desahegarmanah\system\Database\MySQLi\Connection.php(327): mysqli->query('INSERT INTO `ru...', 0)
#1 C:\Users\VINY\desahegarmanah\system\Database\BaseConnection.php(729): CodeIgniter\Database\MySQLi\Connection->execute('INSERT INTO `ru...')
#2 C:\Users\VINY\desahegarmanah\system\Database\BaseConnection.php(646): CodeIgniter\Database\BaseConnection->simpleQuery('INSERT INTO `ru...')
#3 C:\Users\VINY\desahegarmanah\system\Database\BaseBuilder.php(2345): CodeIgniter\Database\BaseConnection->query('INSERT INTO `ru...', Array, false)
#4 C:\Users\VINY\desahegarmanah\system\Model.php(394): CodeIgniter\Database\BaseBuilder->insert()
#5 C:\Users\VINY\desahegarmanah\system\BaseModel.php(838): CodeIgniter\Model->doInsert(Array)
#6 C:\Users\VINY\desahegarmanah\system\Model.php(797): CodeIgniter\BaseModel->insert(Array, true)
#7 C:\Users\VINY\desahegarmanah\app\Controllers\PendudukController.php(246): CodeIgniter\Model->insert(Array)
#8 C:\Users\VINY\desahegarmanah\system\CodeIgniter.php(933): App\Controllers\PendudukController->store()
#9 C:\Users\VINY\desahegarmanah\system\CodeIgniter.php(507): CodeIgniter\CodeIgniter->runController(Object(App\Controllers\PendudukController))
#10 C:\Users\VINY\desahegarmanah\system\CodeIgniter.php(354): CodeIgniter\CodeIgniter->handleRequest(NULL, Object(Config\Cache), false)
#11 C:\Users\VINY\desahegarmanah\system\Boot.php(363): CodeIgniter\CodeIgniter->run()
#12 C:\Users\VINY\desahegarmanah\system\Boot.php(68): CodeIgniter\Boot::runCodeIgniter(Object(CodeIgniter\CodeIgniter))
#13 C:\Users\VINY\desahegarmanah\public\index.php(59): CodeIgniter\Boot::bootWeb(Object(Config\Paths))
#14 C:\Users\VINY\desahegarmanah\system\rewrite.php(44): require_once('C:\\Users\\VINY\\d...')
#15 {main}
ERROR - 2025-09-22 10:35:12 --> Store penduduk gagal: Table 'desa_hegarmanah.rumah_tangga' doesn't exist
ERROR - 2025-09-22 10:39:04 --> mysqli_sql_exception: Table 'desa_hegarmanah.rumah_tangga' doesn't exist in C:\Users\VINY\desahegarmanah\system\Database\MySQLi\Connection.php:327
Stack trace:
#0 C:\Users\VINY\desahegarmanah\system\Database\MySQLi\Connection.php(327): mysqli->query('INSERT INTO `ru...', 0)
#1 C:\Users\VINY\desahegarmanah\system\Database\BaseConnection.php(729): CodeIgniter\Database\MySQLi\Connection->execute('INSERT INTO `ru...')
#2 C:\Users\VINY\desahegarmanah\system\Database\BaseConnection.php(646): CodeIgniter\Database\BaseConnection->simpleQuery('INSERT INTO `ru...')
#3 C:\Users\VINY\desahegarmanah\system\Database\BaseBuilder.php(2345): CodeIgniter\Database\BaseConnection->query('INSERT INTO `ru...', Array, false)
#4 C:\Users\VINY\desahegarmanah\system\Model.php(394): CodeIgniter\Database\BaseBuilder->insert()
#5 C:\Users\VINY\desahegarmanah\system\BaseModel.php(838): CodeIgniter\Model->doInsert(Array)
#6 C:\Users\VINY\desahegarmanah\system\Model.php(797): CodeIgniter\BaseModel->insert(Array, true)
#7 C:\Users\VINY\desahegarmanah\app\Controllers\PendudukController.php(246): CodeIgniter\Model->insert(Array)
#8 C:\Users\VINY\desahegarmanah\system\CodeIgniter.php(933): App\Controllers\PendudukController->store()
#9 C:\Users\VINY\desahegarmanah\system\CodeIgniter.php(507): CodeIgniter\CodeIgniter->runController(Object(App\Controllers\PendudukController))
#10 C:\Users\VINY\desahegarmanah\system\CodeIgniter.php(354): CodeIgniter\CodeIgniter->handleRequest(NULL, Object(Config\Cache), false)
#11 C:\Users\VINY\desahegarmanah\system\Boot.php(363): CodeIgniter\CodeIgniter->run()
#12 C:\Users\VINY\desahegarmanah\system\Boot.php(68): CodeIgniter\Boot::runCodeIgniter(Object(CodeIgniter\CodeIgniter))
#13 C:\Users\VINY\desahegarmanah\public\index.php(59): CodeIgniter\Boot::bootWeb(Object(Config\Paths))
#14 C:\Users\VINY\desahegarmanah\system\rewrite.php(44): require_once('C:\\Users\\VINY\\d...')
#15 {main}
ERROR - 2025-09-22 10:39:04 --> Store penduduk gagal: Table 'desa_hegarmanah.rumah_tangga' doesn't exist
ERROR - 2025-09-22 10:41:50 --> mysqli_sql_exception: Table 'desa_hegarmanah.rumah_tangga' doesn't exist in C:\Users\VINY\desahegarmanah\system\Database\MySQLi\Connection.php:327
Stack trace:
#0 C:\Users\VINY\desahegarmanah\system\Database\MySQLi\Connection.php(327): mysqli->query('INSERT INTO `ru...', 0)
#1 C:\Users\VINY\desahegarmanah\system\Database\BaseConnection.php(729): CodeIgniter\Database\MySQLi\Connection->execute('INSERT INTO `ru...')
#2 C:\Users\VINY\desahegarmanah\system\Database\BaseConnection.php(646): CodeIgniter\Database\BaseConnection->simpleQuery('INSERT INTO `ru...')
#3 C:\Users\VINY\desahegarmanah\system\Database\BaseBuilder.php(2345): CodeIgniter\Database\BaseConnection->query('INSERT INTO `ru...', Array, false)
#4 C:\Users\VINY\desahegarmanah\system\Model.php(394): CodeIgniter\Database\BaseBuilder->insert()
#5 C:\Users\VINY\desahegarmanah\system\BaseModel.php(838): CodeIgniter\Model->doInsert(Array)
#6 C:\Users\VINY\desahegarmanah\system\Model.php(797): CodeIgniter\BaseModel->insert(Array, true)
#7 C:\Users\VINY\desahegarmanah\app\Controllers\PendudukController.php(246): CodeIgniter\Model->insert(Array)
#8 C:\Users\VINY\desahegarmanah\system\CodeIgniter.php(933): App\Controllers\PendudukController->store()
#9 C:\Users\VINY\desahegarmanah\system\CodeIgniter.php(507): CodeIgniter\CodeIgniter->runController(Object(App\Controllers\PendudukController))
#10 C:\Users\VINY\desahegarmanah\system\CodeIgniter.php(354): CodeIgniter\CodeIgniter->handleRequest(NULL, Object(Config\Cache), false)
#11 C:\Users\VINY\desahegarmanah\system\Boot.php(363): CodeIgniter\CodeIgniter->run()
#12 C:\Users\VINY\desahegarmanah\system\Boot.php(68): CodeIgniter\Boot::runCodeIgniter(Object(CodeIgniter\CodeIgniter))
#13 C:\Users\VINY\desahegarmanah\public\index.php(59): CodeIgniter\Boot::bootWeb(Object(Config\Paths))
#14 C:\Users\VINY\desahegarmanah\system\rewrite.php(44): require_once('C:\\Users\\VINY\\d...')
#15 {main}
ERROR - 2025-09-22 10:41:50 --> Store penduduk gagal: Table 'desa_hegarmanah.rumah_tangga' doesn't exist
ERROR - 2025-09-22 13:06:34 --> mysqli_sql_exception: Table 'desa_hegarmanah.rumah_tangga' doesn't exist in C:\Users\VINY\desahegarmanah\system\Database\MySQLi\Connection.php:327
Stack trace:
#0 C:\Users\VINY\desahegarmanah\system\Database\MySQLi\Connection.php(327): mysqli->query('INSERT INTO `ru...', 0)
#1 C:\Users\VINY\desahegarmanah\system\Database\BaseConnection.php(729): CodeIgniter\Database\MySQLi\Connection->execute('INSERT INTO `ru...')
#2 C:\Users\VINY\desahegarmanah\system\Database\BaseConnection.php(646): CodeIgniter\Database\BaseConnection->simpleQuery('INSERT INTO `ru...')
#3 C:\Users\VINY\desahegarmanah\system\Database\BaseBuilder.php(2345): CodeIgniter\Database\BaseConnection->query('INSERT INTO `ru...', Array, false)
#4 C:\Users\VINY\desahegarmanah\system\Model.php(394): CodeIgniter\Database\BaseBuilder->insert()
#5 C:\Users\VINY\desahegarmanah\system\BaseModel.php(838): CodeIgniter\Model->doInsert(Array)
#6 C:\Users\VINY\desahegarmanah\system\Model.php(797): CodeIgniter\BaseModel->insert(Array, true)
#7 C:\Users\VINY\desahegarmanah\app\Controllers\PendudukController.php(249): CodeIgniter\Model->insert(Array)
#8 C:\Users\VINY\desahegarmanah\system\CodeIgniter.php(933): App\Controllers\PendudukController->store()
#9 C:\Users\VINY\desahegarmanah\system\CodeIgniter.php(507): CodeIgniter\CodeIgniter->runController(Object(App\Controllers\PendudukController))
#10 C:\Users\VINY\desahegarmanah\system\CodeIgniter.php(354): CodeIgniter\CodeIgniter->handleRequest(NULL, Object(Config\Cache), false)
#11 C:\Users\VINY\desahegarmanah\system\Boot.php(363): CodeIgniter\CodeIgniter->run()
#12 C:\Users\VINY\desahegarmanah\system\Boot.php(68): CodeIgniter\Boot::runCodeIgniter(Object(CodeIgniter\CodeIgniter))
#13 C:\Users\VINY\desahegarmanah\public\index.php(59): CodeIgniter\Boot::bootWeb(Object(Config\Paths))
#14 C:\Users\VINY\desahegarmanah\system\rewrite.php(44): require_once('C:\\Users\\VINY\\d...')
#15 {main}
ERROR - 2025-09-22 13:06:34 --> Store penduduk gagal: Table 'desa_hegarmanah.rumah_tangga' doesn't exist
ERROR - 2025-09-22 13:18:49 --> mysqli_sql_exception: Table 'desa_hegarmanah.rumah_tangga' doesn't exist in C:\Users\VINY\desahegarmanah\system\Database\MySQLi\Connection.php:327
Stack trace:
#0 C:\Users\VINY\desahegarmanah\system\Database\MySQLi\Connection.php(327): mysqli->query('INSERT INTO `ru...', 0)
#1 C:\Users\VINY\desahegarmanah\system\Database\BaseConnection.php(729): CodeIgniter\Database\MySQLi\Connection->execute('INSERT INTO `ru...')
#2 C:\Users\VINY\desahegarmanah\system\Database\BaseConnection.php(646): CodeIgniter\Database\BaseConnection->simpleQuery('INSERT INTO `ru...')
#3 C:\Users\VINY\desahegarmanah\system\Database\BaseBuilder.php(2345): CodeIgniter\Database\BaseConnection->query('INSERT INTO `ru...', Array, false)
#4 C:\Users\VINY\desahegarmanah\system\Model.php(394): CodeIgniter\Database\BaseBuilder->insert()
#5 C:\Users\VINY\desahegarmanah\system\BaseModel.php(838): CodeIgniter\Model->doInsert(Array)
#6 C:\Users\VINY\desahegarmanah\system\Model.php(797): CodeIgniter\BaseModel->insert(Array, true)
#7 C:\Users\VINY\desahegarmanah\app\Controllers\PendudukController.php(249): CodeIgniter\Model->insert(Array)
#8 C:\Users\VINY\desahegarmanah\system\CodeIgniter.php(933): App\Controllers\PendudukController->store()
#9 C:\Users\VINY\desahegarmanah\system\CodeIgniter.php(507): CodeIgniter\CodeIgniter->runController(Object(App\Controllers\PendudukController))
#10 C:\Users\VINY\desahegarmanah\system\CodeIgniter.php(354): CodeIgniter\CodeIgniter->handleRequest(NULL, Object(Config\Cache), false)
#11 C:\Users\VINY\desahegarmanah\system\Boot.php(363): CodeIgniter\CodeIgniter->run()
#12 C:\Users\VINY\desahegarmanah\system\Boot.php(68): CodeIgniter\Boot::runCodeIgniter(Object(CodeIgniter\CodeIgniter))
#13 C:\Users\VINY\desahegarmanah\public\index.php(59): CodeIgniter\Boot::bootWeb(Object(Config\Paths))
#14 C:\Users\VINY\desahegarmanah\system\rewrite.php(44): require_once('C:\\Users\\VINY\\d...')
#15 {main}
ERROR - 2025-09-22 13:18:49 --> Store penduduk gagal: Table 'desa_hegarmanah.rumah_tangga' doesn't exist
ERROR - 2025-09-22 13:22:16 --> mysqli_sql_exception: Table 'desa_hegarmanah.rumah_tangga' doesn't exist in C:\Users\VINY\desahegarmanah\system\Database\MySQLi\Connection.php:327
Stack trace:
#0 C:\Users\VINY\desahegarmanah\system\Database\MySQLi\Connection.php(327): mysqli->query('INSERT INTO `ru...', 0)
#1 C:\Users\VINY\desahegarmanah\system\Database\BaseConnection.php(729): CodeIgniter\Database\MySQLi\Connection->execute('INSERT INTO `ru...')
#2 C:\Users\VINY\desahegarmanah\system\Database\BaseConnection.php(646): CodeIgniter\Database\BaseConnection->simpleQuery('INSERT INTO `ru...')
#3 C:\Users\VINY\desahegarmanah\system\Database\BaseBuilder.php(2345): CodeIgniter\Database\BaseConnection->query('INSERT INTO `ru...', Array, false)
#4 C:\Users\VINY\desahegarmanah\system\Model.php(394): CodeIgniter\Database\BaseBuilder->insert()
#5 C:\Users\VINY\desahegarmanah\system\BaseModel.php(838): CodeIgniter\Model->doInsert(Array)
#6 C:\Users\VINY\desahegarmanah\system\Model.php(797): CodeIgniter\BaseModel->insert(Array, true)
#7 C:\Users\VINY\desahegarmanah\app\Controllers\PendudukController.php(249): CodeIgniter\Model->insert(Array)
#8 C:\Users\VINY\desahegarmanah\system\CodeIgniter.php(933): App\Controllers\PendudukController->store()
#9 C:\Users\VINY\desahegarmanah\system\CodeIgniter.php(507): CodeIgniter\CodeIgniter->runController(Object(App\Controllers\PendudukController))
#10 C:\Users\VINY\desahegarmanah\system\CodeIgniter.php(354): CodeIgniter\CodeIgniter->handleRequest(NULL, Object(Config\Cache), false)
#11 C:\Users\VINY\desahegarmanah\system\Boot.php(363): CodeIgniter\CodeIgniter->run()
#12 C:\Users\VINY\desahegarmanah\system\Boot.php(68): CodeIgniter\Boot::runCodeIgniter(Object(CodeIgniter\CodeIgniter))
#13 C:\Users\VINY\desahegarmanah\public\index.php(59): CodeIgniter\Boot::bootWeb(Object(Config\Paths))
#14 C:\Users\VINY\desahegarmanah\system\rewrite.php(44): require_once('C:\\Users\\VINY\\d...')
#15 {main}
ERROR - 2025-09-22 13:22:16 --> Store penduduk gagal: Table 'desa_hegarmanah.rumah_tangga' doesn't exist
