ERROR - 2025-09-18 06:59:10 --> mysqli_sql_exception: Unknown column 'u.rt_id' in 'field list' in C:\Users\VINY\desahegarmanah\system\Database\MySQLi\Connection.php:327
Stack trace:
#0 C:\Users\VINY\desahegarmanah\system\Database\MySQLi\Connection.php(327): mysqli->query('SELECT `u`.`id`...', 0)
#1 C:\Users\VINY\desahegarmanah\system\Database\BaseConnection.php(729): CodeIgniter\Database\MySQLi\Connection->execute('SELECT `u`.`id`...')
#2 C:\Users\VINY\desahegarmanah\system\Database\BaseConnection.php(646): CodeIgniter\Database\BaseConnection->simpleQuery('SELECT `u`.`id`...')
#3 C:\Users\VINY\desahegarmanah\system\Database\BaseBuilder.php(1649): CodeIgniter\Database\BaseConnection->query('SELECT `u`.`id`...', Array, false)
#4 C:\Users\VINY\desahegarmanah\app\Models\UserModel.php(28): CodeIgniter\Database\BaseBuilder->get()
#5 C:\Users\VINY\desahegarmanah\app\Controllers\AuthController.php(44): App\Models\UserModel->getUserByUsernameAndRole('ranji')
#6 C:\Users\VINY\desahegarmanah\system\CodeIgniter.php(933): App\Controllers\AuthController->auth()
#7 C:\Users\VINY\desahegarmanah\system\CodeIgniter.php(507): CodeIgniter\CodeIgniter->runController(Object(App\Controllers\AuthController))
#8 C:\Users\VINY\desahegarmanah\system\CodeIgniter.php(354): CodeIgniter\CodeIgniter->handleRequest(NULL, Object(Config\Cache), false)
#9 C:\Users\VINY\desahegarmanah\system\Boot.php(363): CodeIgniter\CodeIgniter->run()
#10 C:\Users\VINY\desahegarmanah\system\Boot.php(68): CodeIgniter\Boot::runCodeIgniter(Object(CodeIgniter\CodeIgniter))
#11 C:\Users\VINY\desahegarmanah\public\index.php(59): CodeIgniter\Boot::bootWeb(Object(Config\Paths))
#12 C:\Users\VINY\desahegarmanah\system\rewrite.php(44): require_once('C:\\Users\\VINY\\d...')
#13 {main}
CRITICAL - 2025-09-18 06:59:10 --> CodeIgniter\Database\Exceptions\DatabaseException: Unknown column 'u.rt_id' in 'field list'
[Method: POST, Route: auth/login]
in SYSTEMPATH\Database\BaseConnection.php on line 684.
 1 SYSTEMPATH\Database\BaseBuilder.php(1649): CodeIgniter\Database\BaseConnection->query('SELECT `u`.`id` as `user_id`, `u`.`username`, `u`.`password`, `u`.`role`, `u`.`email`, `u`.`role_id`, `u`.`rt_id`, `u`.`is_active`, `d`.`nama` as `wilayah_nama`, `d`.`id` as `desa_id`, `d`.`kecamatan_id`
FROM `user` `u`
LEFT JOIN `desa` `d` ON `d`.`id` = `u`.`role_id`
WHERE `u`.`username` = :u.username:', [...], false)
 2 APPPATH\Models\UserModel.php(28): CodeIgniter\Database\BaseBuilder->get()
 3 APPPATH\Controllers\AuthController.php(44): App\Models\UserModel->getUserByUsernameAndRole('ranji')
 4 SYSTEMPATH\CodeIgniter.php(933): App\Controllers\AuthController->auth()
 5 SYSTEMPATH\CodeIgniter.php(507): CodeIgniter\CodeIgniter->runController(Object(App\Controllers\AuthController))
 6 SYSTEMPATH\CodeIgniter.php(354): CodeIgniter\CodeIgniter->handleRequest(null, Object(Config\Cache), false)
 7 SYSTEMPATH\Boot.php(363): CodeIgniter\CodeIgniter->run()
 8 SYSTEMPATH\Boot.php(68): CodeIgniter\Boot::runCodeIgniter(Object(CodeIgniter\CodeIgniter))
 9 FCPATH\index.php(59): CodeIgniter\Boot::bootWeb(Object(Config\Paths))
10 SYSTEMPATH\rewrite.php(44): require_once('C:\\Users\\VINY\\desahegarmanah\\public\\index.php')
CRITICAL - 2025-09-18 06:59:10 --> [Caused by] CodeIgniter\Database\Exceptions\DatabaseException: Unknown column 'u.rt_id' in 'field list'
in SYSTEMPATH\Database\MySQLi\Connection.php on line 332.
 1 SYSTEMPATH\Database\BaseConnection.php(729): CodeIgniter\Database\MySQLi\Connection->execute('SELECT `u`.`id` as `user_id`, `u`.`username`, `u`.`password`, `u`.`role`, `u`.`email`, `u`.`role_id`, `u`.`rt_id`, `u`.`is_active`, `d`.`nama` as `wilayah_nama`, `d`.`id` as `desa_id`, `d`.`kecamatan_id`
FROM `user` `u`
LEFT JOIN `desa` `d` ON `d`.`id` = `u`.`role_id`
WHERE `u`.`username` = \'ranji\'')
 2 SYSTEMPATH\Database\BaseConnection.php(646): CodeIgniter\Database\BaseConnection->simpleQuery('SELECT `u`.`id` as `user_id`, `u`.`username`, `u`.`password`, `u`.`role`, `u`.`email`, `u`.`role_id`, `u`.`rt_id`, `u`.`is_active`, `d`.`nama` as `wilayah_nama`, `d`.`id` as `desa_id`, `d`.`kecamatan_id`
FROM `user` `u`
LEFT JOIN `desa` `d` ON `d`.`id` = `u`.`role_id`
WHERE `u`.`username` = \'ranji\'')
 3 SYSTEMPATH\Database\BaseBuilder.php(1649): CodeIgniter\Database\BaseConnection->query('SELECT `u`.`id` as `user_id`, `u`.`username`, `u`.`password`, `u`.`role`, `u`.`email`, `u`.`role_id`, `u`.`rt_id`, `u`.`is_active`, `d`.`nama` as `wilayah_nama`, `d`.`id` as `desa_id`, `d`.`kecamatan_id`
FROM `user` `u`
LEFT JOIN `desa` `d` ON `d`.`id` = `u`.`role_id`
WHERE `u`.`username` = :u.username:', [...], false)
 4 APPPATH\Models\UserModel.php(28): CodeIgniter\Database\BaseBuilder->get()
 5 APPPATH\Controllers\AuthController.php(44): App\Models\UserModel->getUserByUsernameAndRole('ranji')
 6 SYSTEMPATH\CodeIgniter.php(933): App\Controllers\AuthController->auth()
 7 SYSTEMPATH\CodeIgniter.php(507): CodeIgniter\CodeIgniter->runController(Object(App\Controllers\AuthController))
 8 SYSTEMPATH\CodeIgniter.php(354): CodeIgniter\CodeIgniter->handleRequest(null, Object(Config\Cache), false)
 9 SYSTEMPATH\Boot.php(363): CodeIgniter\CodeIgniter->run()
10 SYSTEMPATH\Boot.php(68): CodeIgniter\Boot::runCodeIgniter(Object(CodeIgniter\CodeIgniter))
11 FCPATH\index.php(59): CodeIgniter\Boot::bootWeb(Object(Config\Paths))
12 SYSTEMPATH\rewrite.php(44): require_once('C:\\Users\\VINY\\desahegarmanah\\public\\index.php')
CRITICAL - 2025-09-18 06:59:10 --> [Caused by] mysqli_sql_exception: Unknown column 'u.rt_id' in 'field list'
in SYSTEMPATH\Database\MySQLi\Connection.php on line 327.
 1 SYSTEMPATH\Database\MySQLi\Connection.php(327): mysqli->query('SELECT `u`.`id` as `user_id`, `u`.`username`, `u`.`password`, `u`.`role`, `u`.`email`, `u`.`role_id`, `u`.`rt_id`, `u`.`is_active`, `d`.`nama` as `wilayah_nama`, `d`.`id` as `desa_id`, `d`.`kecamatan_id`
FROM `user` `u`
LEFT JOIN `desa` `d` ON `d`.`id` = `u`.`role_id`
WHERE `u`.`username` = \'ranji\'', 0)
 2 SYSTEMPATH\Database\BaseConnection.php(729): CodeIgniter\Database\MySQLi\Connection->execute('SELECT `u`.`id` as `user_id`, `u`.`username`, `u`.`password`, `u`.`role`, `u`.`email`, `u`.`role_id`, `u`.`rt_id`, `u`.`is_active`, `d`.`nama` as `wilayah_nama`, `d`.`id` as `desa_id`, `d`.`kecamatan_id`
FROM `user` `u`
LEFT JOIN `desa` `d` ON `d`.`id` = `u`.`role_id`
WHERE `u`.`username` = \'ranji\'')
 3 SYSTEMPATH\Database\BaseConnection.php(646): CodeIgniter\Database\BaseConnection->simpleQuery('SELECT `u`.`id` as `user_id`, `u`.`username`, `u`.`password`, `u`.`role`, `u`.`email`, `u`.`role_id`, `u`.`rt_id`, `u`.`is_active`, `d`.`nama` as `wilayah_nama`, `d`.`id` as `desa_id`, `d`.`kecamatan_id`
FROM `user` `u`
LEFT JOIN `desa` `d` ON `d`.`id` = `u`.`role_id`
WHERE `u`.`username` = \'ranji\'')
 4 SYSTEMPATH\Database\BaseBuilder.php(1649): CodeIgniter\Database\BaseConnection->query('SELECT `u`.`id` as `user_id`, `u`.`username`, `u`.`password`, `u`.`role`, `u`.`email`, `u`.`role_id`, `u`.`rt_id`, `u`.`is_active`, `d`.`nama` as `wilayah_nama`, `d`.`id` as `desa_id`, `d`.`kecamatan_id`
FROM `user` `u`
LEFT JOIN `desa` `d` ON `d`.`id` = `u`.`role_id`
WHERE `u`.`username` = :u.username:', [...], false)
 5 APPPATH\Models\UserModel.php(28): CodeIgniter\Database\BaseBuilder->get()
 6 APPPATH\Controllers\AuthController.php(44): App\Models\UserModel->getUserByUsernameAndRole('ranji')
 7 SYSTEMPATH\CodeIgniter.php(933): App\Controllers\AuthController->auth()
 8 SYSTEMPATH\CodeIgniter.php(507): CodeIgniter\CodeIgniter->runController(Object(App\Controllers\AuthController))
 9 SYSTEMPATH\CodeIgniter.php(354): CodeIgniter\CodeIgniter->handleRequest(null, Object(Config\Cache), false)
10 SYSTEMPATH\Boot.php(363): CodeIgniter\CodeIgniter->run()
11 SYSTEMPATH\Boot.php(68): CodeIgniter\Boot::runCodeIgniter(Object(CodeIgniter\CodeIgniter))
12 FCPATH\index.php(59): CodeIgniter\Boot::bootWeb(Object(Config\Paths))
13 SYSTEMPATH\rewrite.php(44): require_once('C:\\Users\\VINY\\desahegarmanah\\public\\index.php')
