CRITICAL - 2025-09-20 13:19:04 --> CodeIgniter\Cache\Exceptions\CacheException: Cache unable to write to "C:\xampp1\htdocs\desahegarmanah\desa-hegarmanah\writable\cache/".
[Method: GET, Route: /]
in SYSTEMPATH\Cache\Handlers\FileHandler.php on line 66.
 1 SYSTEMPATH\Cache\Handlers\FileHandler.php(66): CodeIgniter\Cache\Exceptions\CacheException::forUnableToWrite('C:\\xampp1\\htdocs\\desahegarmanah\\desa-hegarmanah\\writable\\cache/')
 2 SYSTEMPATH\Cache\CacheFactory.php(67): CodeIgniter\Cache\Handlers\FileHandler->__construct(Object(Config\Cache))
 3 SYSTEMPATH\Config\Services.php(129): CodeIgniter\Cache\CacheFactory::getHandler(Object(Config\Cache))
 4 SYSTEMPATH\Config\BaseService.php(312): CodeIgniter\Config\Services::cache(Object(Config\Cache), false)
 5 SYSTEMPATH\Config\BaseService.php(251): CodeIgniter\Config\BaseService::__callStatic('cache', [...])
 6 SYSTEMPATH\Config\Services.php(124): CodeIgniter\Config\BaseService::getSharedInstance('cache', null)
 7 SYSTEMPATH\Config\BaseService.php(321): CodeIgniter\Config\Services::cache()
 8 SYSTEMPATH\Config\BaseService.php(202): CodeIgniter\Config\BaseService::__callStatic('cache', [])
 9 SYSTEMPATH\Config\Services.php(454): CodeIgniter\Config\BaseService::get('cache')
10 SYSTEMPATH\Config\BaseService.php(312): CodeIgniter\Config\Services::responsecache(Object(Config\Cache), null, false)
11 SYSTEMPATH\Config\BaseService.php(251): CodeIgniter\Config\BaseService::__callStatic('responsecache', [...])
12 SYSTEMPATH\Config\Services.php(450): CodeIgniter\Config\BaseService::getSharedInstance('responsecache', null, null)
13 SYSTEMPATH\Config\BaseService.php(321): CodeIgniter\Config\Services::responsecache()
14 SYSTEMPATH\CodeIgniter.php(178): CodeIgniter\Config\BaseService::__callStatic('responsecache', [])
15 SYSTEMPATH\Config\Services.php(164): CodeIgniter\CodeIgniter->__construct(Object(Config\App))
16 SYSTEMPATH\Config\BaseService.php(312): CodeIgniter\Config\Services::codeigniter(Object(Config\App), false)
17 SYSTEMPATH\Config\BaseService.php(251): CodeIgniter\Config\BaseService::__callStatic('codeigniter', [...])
18 SYSTEMPATH\Config\Services.php(159): CodeIgniter\Config\BaseService::getSharedInstance('codeigniter', null)
19 SYSTEMPATH\Config\BaseService.php(321): CodeIgniter\Config\Services::codeigniter()
20 SYSTEMPATH\Config\BaseService.php(202): CodeIgniter\Config\BaseService::__callStatic('codeigniter', [])
21 SYSTEMPATH\Common.php(995): CodeIgniter\Config\BaseService::get('codeigniter')
22 SYSTEMPATH\Boot.php(349): service('codeigniter')
23 SYSTEMPATH\Boot.php(130): CodeIgniter\Boot::initializeCodeIgniter()
24 ROOTPATH\spark(87): CodeIgniter\Boot::bootSpark(Object(Config\Paths))
CRITICAL - 2025-09-20 11:58:14 --> CodeIgniter\View\Exceptions\ViewException: Invalid file: "musiman/detail.php"
[Method: GET, Route: musiman/9/detail]
in SYSTEMPATH\Exceptions\FrameworkException.php on line 39.
 1 SYSTEMPATH\View\View.php(214): CodeIgniter\Exceptions\FrameworkException::forInvalidFile('musiman/detail.php')
 2 SYSTEMPATH\Common.php(1167): CodeIgniter\View\View->render('musiman/detail', [], true)
 3 APPPATH\Controllers\MusimanController.php(342): view('musiman/detail', [...])
 4 SYSTEMPATH\CodeIgniter.php(933): App\Controllers\MusimanController->detail('9')
 5 SYSTEMPATH\CodeIgniter.php(507): CodeIgniter\CodeIgniter->runController(Object(App\Controllers\MusimanController))
 6 SYSTEMPATH\CodeIgniter.php(354): CodeIgniter\CodeIgniter->handleRequest(null, Object(Config\Cache), false)
 7 SYSTEMPATH\Boot.php(363): CodeIgniter\CodeIgniter->run()
 8 SYSTEMPATH\Boot.php(68): CodeIgniter\Boot::runCodeIgniter(Object(CodeIgniter\CodeIgniter))
 9 FCPATH\index.php(59): CodeIgniter\Boot::bootWeb(Object(Config\Paths))
10 SYSTEMPATH\rewrite.php(44): require_once('C:\\xampp1\\htdocs\\desahegarmanah\\desa-hegarmanah\\public\\index.php')
ERROR - 2025-09-20 12:04:52 --> mysqli_sql_exception: Duplicate column name 'nama_pondokan' in C:\xampp1\htdocs\desahegarmanah\desa-hegarmanah\system\Database\MySQLi\Connection.php:327
Stack trace:
#0 C:\xampp1\htdocs\desahegarmanah\desa-hegarmanah\system\Database\MySQLi\Connection.php(327): mysqli->query('ALTER TABLE `mu...', 0)
#1 C:\xampp1\htdocs\desahegarmanah\desa-hegarmanah\system\Database\BaseConnection.php(729): CodeIgniter\Database\MySQLi\Connection->execute('ALTER TABLE `mu...')
#2 C:\xampp1\htdocs\desahegarmanah\desa-hegarmanah\system\Database\BaseConnection.php(646): CodeIgniter\Database\BaseConnection->simpleQuery('ALTER TABLE `mu...')
#3 C:\xampp1\htdocs\desahegarmanah\desa-hegarmanah\system\Database\Forge.php(772): CodeIgniter\Database\BaseConnection->query('ALTER TABLE `mu...')
#4 C:\xampp1\htdocs\desahegarmanah\desa-hegarmanah\app\Database\Migrations\2025_09_20_000000_add_fields_to_musiman_table.php(83): CodeIgniter\Database\Forge->addColumn('musiman', Array)
#5 C:\xampp1\htdocs\desahegarmanah\desa-hegarmanah\system\Database\MigrationRunner.php(876): App\Database\Migrations\AddFieldsToMusimanTable->up()
#6 C:\xampp1\htdocs\desahegarmanah\desa-hegarmanah\system\Database\MigrationRunner.php(182): CodeIgniter\Database\MigrationRunner->migrate('up', Object(stdClass))
#7 C:\xampp1\htdocs\desahegarmanah\desa-hegarmanah\system\Commands\Database\Migrate.php(85): CodeIgniter\Database\MigrationRunner->latest(NULL)
#8 C:\xampp1\htdocs\desahegarmanah\desa-hegarmanah\system\CLI\Commands.php(74): CodeIgniter\Commands\Database\Migrate->run(Array)
#9 C:\xampp1\htdocs\desahegarmanah\desa-hegarmanah\system\CLI\Console.php(47): CodeIgniter\CLI\Commands->run('migrate', Array)
#10 C:\xampp1\htdocs\desahegarmanah\desa-hegarmanah\system\Boot.php(388): CodeIgniter\CLI\Console->run()
#11 C:\xampp1\htdocs\desahegarmanah\desa-hegarmanah\system\Boot.php(133): CodeIgniter\Boot::runCommand(Object(CodeIgniter\CLI\Console))
#12 C:\xampp1\htdocs\desahegarmanah\desa-hegarmanah\spark(87): CodeIgniter\Boot::bootSpark(Object(Config\Paths))
#13 {main}
CRITICAL - 2025-09-20 13:20:06 --> CodeIgniter\View\Exceptions\ViewException: Invalid file: "users/create.php"
[Method: GET, Route: user/create]
in SYSTEMPATH\Exceptions\FrameworkException.php on line 39.
 1 SYSTEMPATH\View\View.php(214): CodeIgniter\Exceptions\FrameworkException::forInvalidFile('users/create.php')
 2 SYSTEMPATH\Common.php(1167): CodeIgniter\View\View->render('users/create', [], true)
 3 APPPATH\Controllers\UserController.php(13): view('users/create')
 4 SYSTEMPATH\CodeIgniter.php(933): App\Controllers\UserController->create()
 5 SYSTEMPATH\CodeIgniter.php(507): CodeIgniter\CodeIgniter->runController(Object(App\Controllers\UserController))
 6 SYSTEMPATH\CodeIgniter.php(354): CodeIgniter\CodeIgniter->handleRequest(null, Object(Config\Cache), false)
 7 SYSTEMPATH\Boot.php(363): CodeIgniter\CodeIgniter->run()
 8 SYSTEMPATH\Boot.php(68): CodeIgniter\Boot::runCodeIgniter(Object(CodeIgniter\CodeIgniter))
 9 FCPATH\index.php(59): CodeIgniter\Boot::bootWeb(Object(Config\Paths))
10 SYSTEMPATH\rewrite.php(44): require_once('C:\\xampp1\\htdocs\\desahegarmanah\\desa-hegarmanah\\public\\index.php')
CRITICAL - 2025-09-20 13:22:59 --> CodeIgniter\View\Exceptions\ViewException: Invalid file: "users/create.php"
[Method: GET, Route: user/create]
in SYSTEMPATH\Exceptions\FrameworkException.php on line 39.
 1 SYSTEMPATH\View\View.php(214): CodeIgniter\Exceptions\FrameworkException::forInvalidFile('users/create.php')
 2 SYSTEMPATH\Common.php(1167): CodeIgniter\View\View->render('users/create', [], true)
 3 APPPATH\Controllers\UserController.php(13): view('users/create')
 4 SYSTEMPATH\CodeIgniter.php(933): App\Controllers\UserController->create()
 5 SYSTEMPATH\CodeIgniter.php(507): CodeIgniter\CodeIgniter->runController(Object(App\Controllers\UserController))
 6 SYSTEMPATH\CodeIgniter.php(354): CodeIgniter\CodeIgniter->handleRequest(null, Object(Config\Cache), false)
 7 SYSTEMPATH\Boot.php(363): CodeIgniter\CodeIgniter->run()
 8 SYSTEMPATH\Boot.php(68): CodeIgniter\Boot::runCodeIgniter(Object(CodeIgniter\CodeIgniter))
 9 FCPATH\index.php(59): CodeIgniter\Boot::bootWeb(Object(Config\Paths))
10 SYSTEMPATH\rewrite.php(44): require_once('C:\\xampp1\\htdocs\\desahegarmanah\\desa-hegarmanah\\public\\index.php')
CRITICAL - 2025-09-20 13:23:07 --> CodeIgniter\View\Exceptions\ViewException: Invalid file: "users/create.php"
[Method: GET, Route: user/create]
in SYSTEMPATH\Exceptions\FrameworkException.php on line 39.
 1 SYSTEMPATH\View\View.php(214): CodeIgniter\Exceptions\FrameworkException::forInvalidFile('users/create.php')
 2 SYSTEMPATH\Common.php(1167): CodeIgniter\View\View->render('users/create', [], true)
 3 APPPATH\Controllers\UserController.php(13): view('users/create')
 4 SYSTEMPATH\CodeIgniter.php(933): App\Controllers\UserController->create()
 5 SYSTEMPATH\CodeIgniter.php(507): CodeIgniter\CodeIgniter->runController(Object(App\Controllers\UserController))
 6 SYSTEMPATH\CodeIgniter.php(354): CodeIgniter\CodeIgniter->handleRequest(null, Object(Config\Cache), false)
 7 SYSTEMPATH\Boot.php(363): CodeIgniter\CodeIgniter->run()
 8 SYSTEMPATH\Boot.php(68): CodeIgniter\Boot::runCodeIgniter(Object(CodeIgniter\CodeIgniter))
 9 FCPATH\index.php(59): CodeIgniter\Boot::bootWeb(Object(Config\Paths))
10 SYSTEMPATH\rewrite.php(44): require_once('C:\\xampp1\\htdocs\\desahegarmanah\\desa-hegarmanah\\public\\index.php')
CRITICAL - 2025-09-20 13:23:23 --> CodeIgniter\View\Exceptions\ViewException: Invalid file: "users/create.php"
[Method: GET, Route: user/create]
in SYSTEMPATH\Exceptions\FrameworkException.php on line 39.
 1 SYSTEMPATH\View\View.php(214): CodeIgniter\Exceptions\FrameworkException::forInvalidFile('users/create.php')
 2 SYSTEMPATH\Common.php(1167): CodeIgniter\View\View->render('users/create', [], true)
 3 APPPATH\Controllers\UserController.php(13): view('users/create')
 4 SYSTEMPATH\CodeIgniter.php(933): App\Controllers\UserController->create()
 5 SYSTEMPATH\CodeIgniter.php(507): CodeIgniter\CodeIgniter->runController(Object(App\Controllers\UserController))
 6 SYSTEMPATH\CodeIgniter.php(354): CodeIgniter\CodeIgniter->handleRequest(null, Object(Config\Cache), false)
 7 SYSTEMPATH\Boot.php(363): CodeIgniter\CodeIgniter->run()
 8 SYSTEMPATH\Boot.php(68): CodeIgniter\Boot::runCodeIgniter(Object(CodeIgniter\CodeIgniter))
 9 FCPATH\index.php(59): CodeIgniter\Boot::bootWeb(Object(Config\Paths))
10 SYSTEMPATH\rewrite.php(44): require_once('C:\\xampp1\\htdocs\\desahegarmanah\\desa-hegarmanah\\public\\index.php')
CRITICAL - 2025-09-20 13:23:30 --> CodeIgniter\View\Exceptions\ViewException: Invalid file: "users/create.php"
[Method: GET, Route: user/create]
in SYSTEMPATH\Exceptions\FrameworkException.php on line 39.
 1 SYSTEMPATH\View\View.php(214): CodeIgniter\Exceptions\FrameworkException::forInvalidFile('users/create.php')
 2 SYSTEMPATH\Common.php(1167): CodeIgniter\View\View->render('users/create', [], true)
 3 APPPATH\Controllers\UserController.php(13): view('users/create')
 4 SYSTEMPATH\CodeIgniter.php(933): App\Controllers\UserController->create()
 5 SYSTEMPATH\CodeIgniter.php(507): CodeIgniter\CodeIgniter->runController(Object(App\Controllers\UserController))
 6 SYSTEMPATH\CodeIgniter.php(354): CodeIgniter\CodeIgniter->handleRequest(null, Object(Config\Cache), false)
 7 SYSTEMPATH\Boot.php(363): CodeIgniter\CodeIgniter->run()
 8 SYSTEMPATH\Boot.php(68): CodeIgniter\Boot::runCodeIgniter(Object(CodeIgniter\CodeIgniter))
 9 FCPATH\index.php(59): CodeIgniter\Boot::bootWeb(Object(Config\Paths))
10 SYSTEMPATH\rewrite.php(44): require_once('C:\\xampp1\\htdocs\\desahegarmanah\\desa-hegarmanah\\public\\index.php')
